[I 2026-05-16 14:46:52,970] Trial 79 finished with value: 3.971270022044606e-05 and parameters: {'lr': 0.002168194712806614, 'width': 256, 'depth': 4, 'tau': 0.46120180099354346, 'iters': 12000, 'lbfgs': 1000}. Best is trial 11 with value: 1.4305053203937928e-05.
[_common] using device=cuda
[tune_optuna] target: minimise L2-rel on free Duffing benchmark
[tune_optuna] budget: 80 TPE trials, single seed (seed=0)
  trial   0: L2=5.324e-02  best so far=5.324e-02
  trial   1: L2=1.397e-01  best so far=5.324e-02
  trial   2: L2=1.437e-04  best so far=1.437e-04
  trial   3: L2=2.668e-01  best so far=1.437e-04
  trial   4: L2=1.084e-02  best so far=1.437e-04
  trial   5: L2=9.652e-03  best so far=1.437e-04
  trial   6: L2=6.216e-01  best so far=1.437e-04
  trial   7: L2=7.891e-04  best so far=1.437e-04
  trial   8: L2=1.704e-03  best so far=1.437e-04
  trial   9: L2=6.105e-01  best so far=1.437e-04
  trial  10: L2=4.093e-01  best so far=1.437e-04
  trial  11: L2=1.431e-05  best so far=1.431e-05
  trial  12: L2=2.632e-03  best so far=1.431e-05
  trial  13: L2=1.657e-05  best so far=1.431e-05
  trial  14: L2=2.787e-01  best so far=1.431e-05
  trial  15: L2=1.220e-04  best so far=1.431e-05
  trial  16: L2=3.425e-01  best so far=1.431e-05
  trial  17: L2=5.965e-04  best so far=1.431e-05
  trial  18: L2=3.730e-04  best so far=1.431e-05
  trial  19: L2=1.405e+00  best so far=1.431e-05
  trial  20: L2=1.372e-01  best so far=1.431e-05
  trial  21: L2=2.220e-03  best so far=1.431e-05
  trial  22: L2=8.689e-04  best so far=1.431e-05
  trial  23: L2=5.469e-05  best so far=1.431e-05
  trial  24: L2=3.152e-03  best so far=1.431e-05
  trial  25: L2=5.805e-04  best so far=1.431e-05
  trial  26: L2=2.426e-02  best so far=1.431e-05
  trial  27: L2=1.806e-04  best so far=1.431e-05
  trial  28: L2=1.161e-01  best so far=1.431e-05
  trial  29: L2=6.596e-04  best so far=1.431e-05
  trial  30: L2=1.315e+00  best so far=1.431e-05
  trial  31: L2=1.733e-04  best so far=1.431e-05
  trial  32: L2=2.701e-04  best so far=1.431e-05
  trial  33: L2=1.207e-04  best so far=1.431e-05
  trial  34: L2=4.964e-05  best so far=1.431e-05
  trial  35: L2=2.012e-01  best so far=1.431e-05
  trial  36: L2=1.228e-01  best so far=1.431e-05
  trial  37: L2=3.055e-04  best so far=1.431e-05
  trial  38: L2=1.062e-03  best so far=1.431e-05
  trial  39: L2=4.025e-03  best so far=1.431e-05
  trial  40: L2=4.904e-04  best so far=1.431e-05
  trial  41: L2=1.771e-03  best so far=1.431e-05
  trial  42: L2=1.937e-03  best so far=1.431e-05
  trial  43: L2=1.213e-03  best so far=1.431e-05
  trial  44: L2=3.999e-01  best so far=1.431e-05
  trial  45: L2=9.567e-03  best so far=1.431e-05
  trial  46: L2=1.686e-04  best so far=1.431e-05
  trial  47: L2=5.490e-04  best so far=1.431e-05
  trial  48: L2=3.777e-03  best so far=1.431e-05
  trial  49: L2=3.121e-01  best so far=1.431e-05
  trial  50: L2=1.276e-04  best so far=1.431e-05
  trial  51: L2=6.390e-05  best so far=1.431e-05
  trial  52: L2=3.059e-04  best so far=1.431e-05
  trial  53: L2=1.157e-01  best so far=1.431e-05
  trial  54: L2=2.813e-05  best so far=1.431e-05
  trial  55: L2=2.424e-04  best so far=1.431e-05
  trial  56: L2=5.449e-05  best so far=1.431e-05
  trial  57: L2=5.239e-02  best so far=1.431e-05
  trial  58: L2=1.514e-03  best so far=1.431e-05
  trial  59: L2=1.838e-03  best so far=1.431e-05
  trial  60: L2=1.799e-03  best so far=1.431e-05
  trial  61: L2=1.018e-04  best so far=1.431e-05
  trial  62: L2=7.005e-05  best so far=1.431e-05
  trial  63: L2=1.204e-04  best so far=1.431e-05
  trial  64: L2=1.134e-03  best so far=1.431e-05
  trial  65: L2=9.860e-01  best so far=1.431e-05
  trial  66: L2=4.932e-01  best so far=1.431e-05
  trial  67: L2=3.036e-01  best so far=1.431e-05
  trial  68: L2=1.703e-04  best so far=1.431e-05
  trial  69: L2=2.763e-04  best so far=1.431e-05
  trial  70: L2=3.221e-01  best so far=1.431e-05
  trial  71: L2=1.016e-04  best so far=1.431e-05
  trial  72: L2=1.367e-04  best so far=1.431e-05
  trial  73: L2=4.057e-05  best so far=1.431e-05
  trial  74: L2=3.367e-04  best so far=1.431e-05
  trial  75: L2=2.598e-05  best so far=1.431e-05
  trial  76: L2=1.387e-02  best so far=1.431e-05
  trial  77: L2=6.755e-02  best so far=1.431e-05
  trial  78: L2=9.496e-05  best so far=1.431e-05
  trial  79: L2=3.971e-05  best so far=1.431e-05

[tune_optuna] best L2: 1.4305e-05
[tune_optuna] best params: {
  "lr": 0.007803914050649231,
  "width": 64,
  "depth": 4,
  "tau": 0.8019601210482779,
  "iters": 12000,
  "lbfgs": 500
}
[tune_optuna] wallclock: 4807.0 s over 80 trials

[tune_optuna] hyperparameter importance:
  lr: 0.675
  iters: 0.139
  lbfgs: 0.079
  depth: 0.049
  width: 0.033
  tau: 0.025

[tune_optuna] wrote figures/tune_optuna_summary.png
==> tune_optuna.py  OK   end=14:46:59
==================================================================
==> tune_fourier.py  start=14:46:59
==================================================================
[_common] using device=cuda
  T=   20 mlp     seed=0 L2=2.596e-04  (69.1s)
  T=   20 mlp     seed=1 L2=1.661e-04  (69.0s)
  T=   20 mlp     seed=2 L2=2.321e-05  (73.7s)
  T=   20 mlp     seed=3 L2=1.814e-04  (67.8s)
  T=   20 mlp     seed=4 L2=2.587e-04  (68.3s)
  T=   20 mlp      mean L2=1.778e-04 +/- 8.64e-05

  T=   20 fourier seed=0 L2=7.824e-01  (85.4s)
  T=   20 fourier seed=1 L2=8.180e-01  (84.9s)
  T=   20 fourier seed=2 L2=7.339e-01  (89.5s)
  T=   20 fourier seed=3 L2=9.375e-01  (84.7s)
  T=   20 fourier seed=4 L2=7.848e-01  (85.4s)
  T=   20 fourier  mean L2=8.113e-01 +/- 6.86e-02

  T=   50 mlp     seed=0 L2=1.967e-01  (162.0s)
  T=   50 mlp     seed=1 L2=1.905e-01  (160.5s)
  T=   50 mlp     seed=2 L2=1.969e-01  (167.6s)
  T=   50 mlp     seed=3 L2=1.661e-01  (163.8s)
  T=   50 mlp     seed=4 L2=1.356e-01  (161.6s)
  T=   50 mlp      mean L2=1.771e-01 +/- 2.36e-02

  T=   50 fourier seed=0 L2=7.845e-01  (201.1s)
  T=   50 fourier seed=1 L2=6.353e-01  (204.0s)
  T=   50 fourier seed=2 L2=7.330e-01  (203.4s)
  T=   50 fourier seed=3 L2=5.790e-01  (202.4s)
  T=   50 fourier seed=4 L2=7.168e-01  (206.2s)
  T=   50 fourier  mean L2=6.897e-01 +/- 7.32e-02

  T=  100 mlp     seed=0 L2=8.691e-02  (353.0s)
  T=  100 mlp     seed=1 L2=1.026e-01  (347.2s)
  T=  100 mlp     seed=2 L2=3.107e-01  (348.7s)
  T=  100 mlp     seed=3 L2=1.437e-01  (347.3s)
  T=  100 mlp     seed=4 L2=1.388e-01  (347.0s)
  T=  100 mlp      mean L2=1.565e-01 +/- 8.00e-02

  T=  100 fourier seed=0 L2=6.374e-01  (445.6s)
  T=  100 fourier seed=1 L2=2.523e-01  (447.1s)
  T=  100 fourier seed=2 L2=2.923e-01  (445.6s)
  T=  100 fourier seed=3 L2=2.550e-02  (446.8s)
  T=  100 fourier seed=4 L2=5.843e-02  (447.6s)
  T=  100 fourier  mean L2=2.532e-01 +/- 2.19e-01


=== SUMMARY ===
  T=   20 mlp    : L2=1.778e-04 +/- 8.64e-05  (69.6s/seed)
  T=   20 fourier: L2=8.113e-01 +/- 6.86e-02  (86.0s/seed)
  T=   50 mlp    : L2=1.771e-01 +/- 2.36e-02  (163.1s/seed)
  T=   50 fourier: L2=6.897e-01 +/- 7.32e-02  (203.4s/seed)
  T=  100 mlp    : L2=1.565e-01 +/- 8.00e-02  (348.6s/seed)
  T=  100 fourier: L2=2.532e-01 +/- 2.19e-01  (446.5s/seed)

wrote figures/tune_fourier_summary.png
==> tune_fourier.py  OK   end=16:36:47
==================================================================
==> tune_arch.py  start=16:36:47
==================================================================
[_common] using device=cuda
depths=[2, 3, 4, 5, 6] widths=[16, 32, 64, 128, 256] seeds=[0, 1, 2, 3, 4]
total trials = 125 = 125

  depth=2 width= 16 (~   320 par)  L2 mean=1.936e-01 std=5.44e-02  (40.4s/seed)
  depth=2 width= 32 (~  1152 par)  L2 mean=1.391e-01 std=8.57e-02  (37.1s/seed)
  depth=2 width= 64 (~  4352 par)  L2 mean=2.290e-01 std=1.08e-01  (33.9s/seed)
  depth=2 width=128 (~ 16896 par)  L2 mean=1.936e-01 std=7.41e-02  (38.9s/seed)
  depth=2 width=256 (~ 66560 par)  L2 mean=2.450e-01 std=6.85e-02  (33.3s/seed)

  depth=3 width= 16 (~   592 par)  L2 mean=1.265e-01 std=1.31e-01  (35.8s/seed)
  depth=3 width= 32 (~  2208 par)  L2 mean=1.739e-02 std=2.53e-02  (40.2s/seed)
  depth=3 width= 64 (~  8512 par)  L2 mean=2.943e-02 std=2.53e-02  (39.4s/seed)
  depth=3 width=128 (~ 33408 par)  L2 mean=7.449e-02 std=2.42e-02  (40.4s/seed)
  depth=3 width=256 (~132352 par)  L2 mean=2.087e-01 std=1.20e-01  (39.3s/seed)

  depth=4 width= 16 (~   864 par)  L2 mean=1.067e-01 std=3.98e-02  (44.2s/seed)
  depth=4 width= 32 (~  3264 par)  L2 mean=8.895e-03 std=5.93e-03  (46.1s/seed)
  depth=4 width= 64 (~ 12672 par)  L2 mean=2.058e-02 std=2.79e-02  (43.1s/seed)
  depth=4 width=128 (~ 49920 par)  L2 mean=1.800e-02 std=2.41e-02  (44.2s/seed)
  depth=4 width=256 (~198144 par)  L2 mean=1.737e-01 std=1.05e-01  (44.1s/seed)

  depth=5 width= 16 (~  1136 par)  L2 mean=1.803e-02 std=9.90e-03  (46.3s/seed)
  depth=5 width= 32 (~  4320 par)  L2 mean=9.015e-03 std=1.18e-02  (46.5s/seed)
  depth=5 width= 64 (~ 16832 par)  L2 mean=2.873e-03 std=4.94e-03  (45.8s/seed)
  depth=5 width=128 (~ 66432 par)  L2 mean=2.996e-03 std=3.31e-03  (45.9s/seed)
  depth=5 width=256 (~263936 par)  L2 mean=1.125e-01 std=3.80e-02  (51.4s/seed)

  depth=6 width= 16 (~  1408 par)  L2 mean=2.498e-02 std=3.29e-02  (50.5s/seed)
  depth=6 width= 32 (~  5376 par)  L2 mean=5.747e-04 std=5.35e-04  (49.1s/seed)
  depth=6 width= 64 (~ 20992 par)  L2 mean=4.767e-04 std=2.16e-04  (47.6s/seed)
  depth=6 width=128 (~ 82944 par)  L2 mean=3.369e-04 std=2.28e-04  (49.6s/seed)
  depth=6 width=256 (~329728 par)  L2 mean=1.233e-01 std=1.03e-01  (51.5s/seed)


best cell: depth=6, width=128 -> mean L2=3.369e-04

wrote figures/tune_arch_heatmap.png
==> tune_arch.py  OK   end=18:07:12
ALL DONE at 18:07:12
